<?xml version="1.0" encoding="UTF-8"?>
<testsuite name="com.quandoo.gradletestpoc.JunitTest" tests="1" skipped="0" failures="0" errors="0" timestamp="2014-10-08T13:25:53" hostname="vitali-ThinkPad" time="0.001">
  <properties/>
  <testcase name="testDummy" classname="com.quandoo.gradletestpoc.JunitTest" time="0.001"/>
  <system-out><![CDATA[]]></system-out>
  <system-err><![CDATA[]]></system-err>
</testsuite>
